app/build/intermediates/manifest_merge_blame_file/debug/manifest-merger-blame-debug-report.txt
1<?xml version="1.0" encoding="utf-8"?>
2<manifest xmlns:android="http://schemas.android.com/apk/res/android"
3    package="com.example.har"
4    android:versionCode="1"
5    android:versionName="1.0" >
6
7    <uses-sdk
8        android:minSdkVersion="16"
8-->src\main\AndroidManifest.xml
9        android:targetSdkVersion="30" />
9-->src\main\AndroidManifest.xml
10
11    <uses-feature
11-->src\main\AndroidManifest.xml:6:5-8:35
12        android:name="android.hardware.sensor.accelerometer"
12-->src\main\AndroidManifest.xml:7:9-61
13        android:required="true" />
13-->src\main\AndroidManifest.xml:8:9-32
14    <uses-feature
14-->src\main\AndroidManifest.xml:9:5-11:35
15        android:name="android.hardware.sensor.gyroscope"
15-->src\main\AndroidManifest.xml:10:9-57
16        android:required="true" />
16-->src\main\AndroidManifest.xml:11:9-32
17
18    <uses-permission android:name="android.permission.BODY_SENSORS" />
18-->src\main\AndroidManifest.xml:12:5-70
18-->src\main\AndroidManifest.xml:12:22-68
19    <uses-permission android:name="android.permission.INTERNET" />
19-->[com.google.firebase:firebase-auth:20.0.3] AndroidManifest.xml:23:5-67
19-->[com.google.firebase:firebase-auth:20.0.3] AndroidManifest.xml:23:22-64
20    <uses-permission android:name="android.permission.ACCESS_NETWORK_STATE" />
20-->[com.google.firebase:firebase-auth:20.0.3] AndroidManifest.xml:24:5-79
20-->[com.google.firebase:firebase-auth:20.0.3] AndroidManifest.xml:24:22-76
21    <uses-permission android:name="android.permission.WRITE_EXTERNAL_STORAGE" />
22    <uses-permission android:name="android.permission.READ_PHONE_STATE" />
23    <uses-permission android:name="android.permission.READ_EXTERNAL_STORAGE" />
24
25    <application
25-->src\main\AndroidManifest.xml:14:5-30:19
26        android:allowBackup="true"
26-->src\main\AndroidManifest.xml:15:9-35
27        android:appComponentFactory="androidx.core.app.CoreComponentFactory"
27-->[androidx.core:core:1.1.0] AndroidManifest.xml:24:18-86
28        android:debuggable="true"
29        android:icon="@mipmap/ic_launcher"
29-->src\main\AndroidManifest.xml:16:9-43
30        android:label="@string/app_name"
30-->src\main\AndroidManifest.xml:17:9-41
31        android:roundIcon="@mipmap/ic_launcher_round"
31-->src\main\AndroidManifest.xml:18:9-54
32        android:supportsRtl="true"
32-->src\main\AndroidManifest.xml:19:9-35
33        android:theme="@style/Theme.HAR" >
33-->src\main\AndroidManifest.xml:20:9-41
34        <activity android:name="com.example.har.MainActivity2" />
34-->src\main\AndroidManifest.xml:21:9-60
34-->src\main\AndroidManifest.xml:21:19-48
35        <activity android:name="com.example.har.SignInActivity" />
35-->src\main\AndroidManifest.xml:22:9-52
35-->src\main\AndroidManifest.xml:22:19-49
36        <activity android:name="com.example.har.MainActivity" >
36-->src\main\AndroidManifest.xml:23:9-29:20
36-->src\main\AndroidManifest.xml:23:19-47
37            <intent-filter>
37-->src\main\AndroidManifest.xml:24:13-28:29
38                <action android:name="android.intent.action.MAIN" />
38-->src\main\AndroidManifest.xml:25:17-69
38-->src\main\AndroidManifest.xml:25:25-66
39
40                <category android:name="android.intent.category.LAUNCHER" />
40-->src\main\AndroidManifest.xml:27:17-77
40-->src\main\AndroidManifest.xml:27:27-74
41            </intent-filter>
42        </activity>
43        <activity
43-->[com.google.firebase:firebase-auth:20.0.3] AndroidManifest.xml:27:9-44:20
44            android:name="com.google.firebase.auth.internal.GenericIdpActivity"
44-->[com.google.firebase:firebase-auth:20.0.3] AndroidManifest.xml:28:13-80
45            android:excludeFromRecents="true"
45-->[com.google.firebase:firebase-auth:20.0.3] AndroidManifest.xml:29:13-46
46            android:exported="true"
46-->[com.google.firebase:firebase-auth:20.0.3] AndroidManifest.xml:30:13-36
47            android:launchMode="singleTask"
47-->[com.google.firebase:firebase-auth:20.0.3] AndroidManifest.xml:31:13-44
48            android:theme="@android:style/Theme.Translucent.NoTitleBar" >
48-->[com.google.firebase:firebase-auth:20.0.3] AndroidManifest.xml:32:13-72
49            <intent-filter>
49-->[com.google.firebase:firebase-auth:20.0.3] AndroidManifest.xml:33:13-43:29
50                <action android:name="android.intent.action.VIEW" />
50-->[com.google.firebase:firebase-auth:20.0.3] AndroidManifest.xml:34:17-69
50-->[com.google.firebase:firebase-auth:20.0.3] AndroidManifest.xml:34:25-66
51
52                <category android:name="android.intent.category.DEFAULT" />
52-->[com.google.firebase:firebase-auth:20.0.3] AndroidManifest.xml:36:17-76
52-->[com.google.firebase:firebase-auth:20.0.3] AndroidManifest.xml:36:27-73
53                <category android:name="android.intent.category.BROWSABLE" />
53-->[com.google.firebase:firebase-auth:20.0.3] AndroidManifest.xml:37:17-78
53-->[com.google.firebase:firebase-auth:20.0.3] AndroidManifest.xml:37:27-75
54
55                <data
55-->[com.google.firebase:firebase-auth:20.0.3] AndroidManifest.xml:39:17-42:51
56                    android:host="firebase.auth"
56-->[com.google.firebase:firebase-auth:20.0.3] AndroidManifest.xml:40:21-49
57                    android:path="/"
57-->[com.google.firebase:firebase-auth:20.0.3] AndroidManifest.xml:41:21-37
58                    android:scheme="genericidp" />
58-->[com.google.firebase:firebase-auth:20.0.3] AndroidManifest.xml:42:21-48
59            </intent-filter>
60        </activity>
61        <activity
61-->[com.google.firebase:firebase-auth:20.0.3] AndroidManifest.xml:45:9-62:20
62            android:name="com.google.firebase.auth.internal.RecaptchaActivity"
62-->[com.google.firebase:firebase-auth:20.0.3] AndroidManifest.xml:46:13-79
63            android:excludeFromRecents="true"
63-->[com.google.firebase:firebase-auth:20.0.3] AndroidManifest.xml:47:13-46
64            android:exported="true"
64-->[com.google.firebase:firebase-auth:20.0.3] AndroidManifest.xml:48:13-36
65            android:launchMode="singleTask"
65-->[com.google.firebase:firebase-auth:20.0.3] AndroidManifest.xml:49:13-44
66            android:theme="@android:style/Theme.Translucent.NoTitleBar" >
66-->[com.google.firebase:firebase-auth:20.0.3] AndroidManifest.xml:50:13-72
67            <intent-filter>
67-->[com.google.firebase:firebase-auth:20.0.3] AndroidManifest.xml:51:13-61:29
68                <action android:name="android.intent.action.VIEW" />
68-->[com.google.firebase:firebase-auth:20.0.3] AndroidManifest.xml:34:17-69
68-->[com.google.firebase:firebase-auth:20.0.3] AndroidManifest.xml:34:25-66
69
70                <category android:name="android.intent.category.DEFAULT" />
70-->[com.google.firebase:firebase-auth:20.0.3] AndroidManifest.xml:36:17-76
70-->[com.google.firebase:firebase-auth:20.0.3] AndroidManifest.xml:36:27-73
71                <category android:name="android.intent.category.BROWSABLE" />
71-->[com.google.firebase:firebase-auth:20.0.3] AndroidManifest.xml:37:17-78
71-->[com.google.firebase:firebase-auth:20.0.3] AndroidManifest.xml:37:27-75
72
73                <data
73-->[com.google.firebase:firebase-auth:20.0.3] AndroidManifest.xml:39:17-42:51
74                    android:host="firebase.auth"
74-->[com.google.firebase:firebase-auth:20.0.3] AndroidManifest.xml:40:21-49
75                    android:path="/"
75-->[com.google.firebase:firebase-auth:20.0.3] AndroidManifest.xml:41:21-37
76                    android:scheme="recaptcha" />
76-->[com.google.firebase:firebase-auth:20.0.3] AndroidManifest.xml:42:21-48
77            </intent-filter>
78        </activity>
79
80        <service
80-->[com.google.firebase:firebase-auth:20.0.3] AndroidManifest.xml:64:9-73:19
81            android:name="com.google.firebase.auth.api.fallback.service.FirebaseAuthFallbackService"
81-->[com.google.firebase:firebase-auth:20.0.3] AndroidManifest.xml:65:13-101
82            android:enabled="true"
82-->[com.google.firebase:firebase-auth:20.0.3] AndroidManifest.xml:66:13-35
83            android:exported="false" >
83-->[com.google.firebase:firebase-auth:20.0.3] AndroidManifest.xml:67:13-37
84            <intent-filter>
84-->[com.google.firebase:firebase-auth:20.0.3] AndroidManifest.xml:68:13-72:29
85                <action android:name="com.google.firebase.auth.api.gms.service.START" />
85-->[com.google.firebase:firebase-auth:20.0.3] AndroidManifest.xml:69:17-89
85-->[com.google.firebase:firebase-auth:20.0.3] AndroidManifest.xml:69:25-86
86
87                <category android:name="android.intent.category.DEFAULT" />
87-->[com.google.firebase:firebase-auth:20.0.3] AndroidManifest.xml:36:17-76
87-->[com.google.firebase:firebase-auth:20.0.3] AndroidManifest.xml:36:27-73
88            </intent-filter>
89        </service>
90        <service
90-->[com.google.firebase:firebase-auth:20.0.3] AndroidManifest.xml:74:9-80:19
91            android:name="com.google.firebase.components.ComponentDiscoveryService"
91-->[com.google.firebase:firebase-auth:20.0.3] AndroidManifest.xml:75:13-84
92            android:directBootAware="true"
92-->[com.google.firebase:firebase-common:19.5.0] AndroidManifest.xml:35:13-43
93            android:exported="false" >
93-->[com.google.firebase:firebase-auth:20.0.3] AndroidManifest.xml:76:13-37
94            <meta-data
94-->[com.google.firebase:firebase-auth:20.0.3] AndroidManifest.xml:77:13-79:85
95                android:name="com.google.firebase.components:com.google.firebase.auth.FirebaseAuthRegistrar"
95-->[com.google.firebase:firebase-auth:20.0.3] AndroidManifest.xml:78:17-109
96                android:value="com.google.firebase.components.ComponentRegistrar" />
96-->[com.google.firebase:firebase-auth:20.0.3] AndroidManifest.xml:79:17-82
97            <!--
98                This registrar is not defined in the dynamic-module-support sdk itself to allow non-firebase
99                clients to use it as well, by defining this registrar in their own core/common library.
100            -->
101            <meta-data
101-->[com.google.firebase:firebase-common:19.5.0] AndroidManifest.xml:43:13-45:85
102                android:name="com.google.firebase.components:com.google.firebase.dynamicloading.DynamicLoadingRegistrar"
102-->[com.google.firebase:firebase-common:19.5.0] AndroidManifest.xml:44:17-121
103                android:value="com.google.firebase.components.ComponentRegistrar" />
103-->[com.google.firebase:firebase-common:19.5.0] AndroidManifest.xml:45:17-82
104        </service>
105
106        <provider
106-->[com.google.firebase:firebase-common:19.5.0] AndroidManifest.xml:26:9-31:39
107            android:name="com.google.firebase.provider.FirebaseInitProvider"
107-->[com.google.firebase:firebase-common:19.5.0] AndroidManifest.xml:27:13-77
108            android:authorities="com.example.har.firebaseinitprovider"
108-->[com.google.firebase:firebase-common:19.5.0] AndroidManifest.xml:28:13-72
109            android:directBootAware="true"
109-->[com.google.firebase:firebase-common:19.5.0] AndroidManifest.xml:29:13-43
110            android:exported="false"
110-->[com.google.firebase:firebase-common:19.5.0] AndroidManifest.xml:30:13-37
111            android:initOrder="100" />
111-->[com.google.firebase:firebase-common:19.5.0] AndroidManifest.xml:31:13-36
112
113        <activity
113-->[com.google.android.gms:play-services-base:17.1.0] AndroidManifest.xml:23:9-26:75
114            android:name="com.google.android.gms.common.api.GoogleApiActivity"
114-->[com.google.android.gms:play-services-base:17.1.0] AndroidManifest.xml:24:13-79
115            android:exported="false"
115-->[com.google.android.gms:play-services-base:17.1.0] AndroidManifest.xml:25:13-37
116            android:theme="@android:style/Theme.Translucent.NoTitleBar" />
116-->[com.google.android.gms:play-services-base:17.1.0] AndroidManifest.xml:26:13-72
117
118        <meta-data
118-->[com.google.android.gms:play-services-basement:17.1.0] AndroidManifest.xml:23:9-25:69
119            android:name="com.google.android.gms.version"
119-->[com.google.android.gms:play-services-basement:17.1.0] AndroidManifest.xml:24:13-58
120            android:value="@integer/google_play_services_version" />
120-->[com.google.android.gms:play-services-basement:17.1.0] AndroidManifest.xml:25:13-66
121    </application>
122
123</manifest>